2025-06-18 15:03:18,704 [INFO] dsxos-app-template start
2025-06-18 15:05:01,913 [INFO] dsxos-app-template start
2025-06-18 16:32:29,978 [INFO] dsxos-app-template start
2025-06-18 16:34:48,689 [INFO] dsxos-app-template start
2025-06-18 16:34:48,827 [INFO] len(prod): 145
2025-06-18 16:34:48,841 [INFO] len(cons): 145
2025-06-18 16:39:14,872 [INFO] dsxos-app-template start
2025-06-18 16:39:15,062 [INFO] len(prod): 145
2025-06-18 16:39:15,082 [INFO] len(cons): 145
2025-06-18 16:39:15,109 [INFO] len(prod_extracted): 144
2025-06-18 16:39:15,130 [INFO] len(cons_extracted): 144
2025-06-18 16:41:16,370 [INFO] dsxos-app-template start
2025-06-18 16:41:16,518 [INFO] len(prod): 145
2025-06-18 16:41:16,542 [INFO] len(cons): 145
2025-06-18 16:41:16,560 [INFO] len(prod_extracted): 144
2025-06-18 16:41:16,575 [INFO] len(cons_extracted): 144
2025-06-18 16:43:29,709 [INFO] dsxos-app-template start
2025-06-18 16:43:29,869 [INFO] len(prod): 145
2025-06-18 16:43:29,884 [INFO] len(cons): 145
2025-06-18 16:43:29,910 [INFO] len(prod_extracted): 144
2025-06-18 16:43:29,928 [INFO] len(cons_extracted): 144
2025-06-18 17:13:13,021 [INFO] dsxos-app-template start
2025-06-18 17:13:13,198 [INFO] len(prod): 145
2025-06-18 17:13:13,212 [INFO] len(cons): 145
2025-06-18 17:13:13,245 [INFO] len(prod_extracted): 143
2025-06-18 17:13:13,263 [INFO] len(cons_extracted): 143
2025-06-18 17:13:16,571 [INFO] datapoint prognosis was posted: {'id': 14868, 'time': '2025-06-18T14:13:13.053744Z', 'datapointId': 40}
2025-06-18 17:13:16,591 [INFO] A5Runner finished
2025-06-18 17:25:05,796 [INFO] dsxos-app-template start
2025-06-18 17:25:05,955 [INFO] len(prod): 145
2025-06-18 17:25:05,968 [INFO] len(cons): 145
2025-06-18 17:25:05,988 [INFO] len(prod_extracted): 142
2025-06-18 17:25:06,015 [INFO] len(cons_extracted): 142
2025-06-18 17:25:09,473 [INFO] datapoint prognosis was posted: {'id': 14879, 'time': '2025-06-18T14:25:05.827173Z', 'datapointId': 40}
2025-06-18 17:25:09,488 [INFO] dsxos-app-template finished
2025-06-18 17:26:46,008 [INFO] dsxos-app-template start
2025-06-18 17:26:46,192 [INFO] len(prod): 145
2025-06-18 17:26:46,205 [INFO] len(cons): 145
2025-06-18 17:26:46,226 [INFO] len(prod_extracted): 142
2025-06-18 17:26:46,246 [INFO] len(cons_extracted): 142
2025-06-18 17:26:50,501 [INFO] datapoint prognosis was posted: {'id': 14880, 'time': '2025-06-18T14:26:46.051208Z', 'datapointId': 40}
2025-06-18 17:26:50,528 [INFO] dsxos-app-template finished
2025-06-19 11:47:46,527 [INFO] dsxos-app-template start
2025-06-19 11:47:46,744 [INFO] len(prod): 145
2025-06-19 11:47:46,764 [INFO] len(cons): 145
2025-06-19 11:47:46,797 [INFO] len(prod_extracted): 144
2025-06-19 11:47:46,830 [INFO] len(cons_extracted): 144
2025-06-19 11:47:51,555 [INFO] datapoint prognosis was posted: {'id': 14972, 'time': '2025-06-19T08:47:46.571684Z', 'datapointId': 40}
2025-06-19 11:47:51,571 [INFO] dsxos-app-template finished
